[1124/230710.394:ERROR:directory_reader_win.cc(43)] FindFirstFile: The system cannot find the path specified. (0x3)
[1129/213903.769:ERROR:directory_reader_win.cc(43)] FindFirstFile: The system cannot find the path specified. (0x3)
[1214/031308.216:ERROR:directory_reader_win.cc(43)] FindFirstFile: The system cannot find the path specified. (0x3)
[1215/010009.016:ERROR:process_memory_win.cc(73)] ReadMemory at 0x2093e66f560 of 72 bytes failed: Only part of a ReadProcessMemory or WriteProcessMemory request was completed. (0x12B)
[1215/010009.016:WARNING:pe_image_annotations_reader.cc(135)] could not read annotations list object in C:\Program Files (x86)\Google\Chrome\Application\87.0.4280.88\chrome_elf.dll
[1215/010009.017:ERROR:process_memory_win.cc(73)] ReadMemory at 0x2093e6b4040 of 72 bytes failed: Only part of a ReadProcessMemory or WriteProcessMemory request was completed. (0x12B)
[1215/010009.017:WARNING:pe_image_annotations_reader.cc(135)] could not read annotations list object in C:\Program Files (x86)\Google\Chrome\Application\87.0.4280.88\chrome.dll
[1215/010009.021:ERROR:process_memory_win.cc(73)] ReadMemory at 0x2093e66f560 of 72 bytes failed: Only part of a ReadProcessMemory or WriteProcessMemory request was completed. (0x12B)
[1215/010009.021:WARNING:pe_image_annotations_reader.cc(135)] could not read annotations list object in C:\Program Files (x86)\Google\Chrome\Application\87.0.4280.88\chrome_elf.dll
[1215/010009.021:ERROR:process_memory_win.cc(73)] ReadMemory at 0x2093e6b4040 of 72 bytes failed: Only part of a ReadProcessMemory or WriteProcessMemory request was completed. (0x12B)
[1215/010009.021:WARNING:pe_image_annotations_reader.cc(135)] could not read annotations list object in C:\Program Files (x86)\Google\Chrome\Application\87.0.4280.88\chrome.dll
[1215/010009.022:ERROR:process_memory_win.cc(73)] ReadMemory at 0x2093e66f560 of 72 bytes failed: Only part of a ReadProcessMemory or WriteProcessMemory request was completed. (0x12B)
[1215/010009.022:WARNING:pe_image_annotations_reader.cc(135)] could not read annotations list object in C:\Program Files (x86)\Google\Chrome\Application\87.0.4280.88\chrome_elf.dll
[1215/010009.022:ERROR:process_memory_win.cc(73)] ReadMemory at 0x2093e6b4040 of 72 bytes failed: Only part of a ReadProcessMemory or WriteProcessMemory request was completed. (0x12B)
[1215/010009.022:WARNING:pe_image_annotations_reader.cc(135)] could not read annotations list object in C:\Program Files (x86)\Google\Chrome\Application\87.0.4280.88\chrome.dll
[1215/010009.030:ERROR:process_memory_win.cc(73)] ReadMemory at 0xcbba5f9000 of 28672 bytes failed: Only part of a ReadProcessMemory or WriteProcessMemory request was completed. (0x12B)
[1215/010009.030:ERROR:process_memory_win.cc(73)] ReadMemory at 0xcbbadfe000 of 8192 bytes failed: Only part of a ReadProcessMemory or WriteProcessMemory request was completed. (0x12B)
[1215/010009.030:ERROR:process_memory_win.cc(73)] ReadMemory at 0xcbbb5fd000 of 12288 bytes failed: Only part of a ReadProcessMemory or WriteProcessMemory request was completed. (0x12B)
[1215/010009.030:ERROR:process_memory_win.cc(73)] ReadMemory at 0xcbbbdfe000 of 8192 bytes failed: Only part of a ReadProcessMemory or WriteProcessMemory request was completed. (0x12B)
[1215/010009.030:ERROR:process_memory_win.cc(73)] ReadMemory at 0xcbbc5fd000 of 12288 bytes failed: Only part of a ReadProcessMemory or WriteProcessMemory request was completed. (0x12B)
[1215/010009.030:ERROR:process_memory_win.cc(73)] ReadMemory at 0xcbbcdfe000 of 8192 bytes failed: Only part of a ReadProcessMemory or WriteProcessMemory request was completed. (0x12B)
[1215/010009.030:ERROR:process_memory_win.cc(73)] ReadMemory at 0xcbbd5ff000 of 4096 bytes failed: Only part of a ReadProcessMemory or WriteProcessMemory request was completed. (0x12B)
[1215/010009.031:ERROR:process_memory_win.cc(73)] ReadMemory at 0xcbbddfe000 of 8192 bytes failed: Only part of a ReadProcessMemory or WriteProcessMemory request was completed. (0x12B)
[1215/010009.031:ERROR:process_memory_win.cc(73)] ReadMemory at 0xcbbe5fd000 of 12288 bytes failed: Only part of a ReadProcessMemory or WriteProcessMemory request was completed. (0x12B)
[1215/010009.031:ERROR:process_memory_win.cc(73)] ReadMemory at 0xcbbedfe000 of 8192 bytes failed: Only part of a ReadProcessMemory or WriteProcessMemory request was completed. (0x12B)
[1215/010009.031:ERROR:process_memory_win.cc(73)] ReadMemory at 0xcbbf5fe000 of 8192 bytes failed: Only part of a ReadProcessMemory or WriteProcessMemory request was completed. (0x12B)
[1215/010009.031:ERROR:process_memory_win.cc(73)] ReadMemory at 0xcbbfdfe000 of 8192 bytes failed: Only part of a ReadProcessMemory or WriteProcessMemory request was completed. (0x12B)
[1215/010009.031:ERROR:process_memory_win.cc(73)] ReadMemory at 0xcbc05fe000 of 8192 bytes failed: Only part of a ReadProcessMemory or WriteProcessMemory request was completed. (0x12B)
[1215/010009.031:ERROR:process_memory_win.cc(73)] ReadMemory at 0xcbc0dfe000 of 8192 bytes failed: Only part of a ReadProcessMemory or WriteProcessMemory request was completed. (0x12B)
[1215/010009.031:ERROR:process_memory_win.cc(73)] ReadMemory at 0xcbb9d7d000 of 852 bytes failed: Only part of a ReadProcessMemory or WriteProcessMemory request was completed. (0x12B)
[1215/010009.031:ERROR:process_memory_win.cc(73)] ReadMemory at 0xcbb9d7e000 of 6024 bytes failed: Only part of a ReadProcessMemory or WriteProcessMemory request was completed. (0x12B)
[1215/010009.031:ERROR:process_memory_win.cc(73)] ReadMemory at 0xcbb9d80000 of 6024 bytes failed: Only part of a ReadProcessMemory or WriteProcessMemory request was completed. (0x12B)
[1215/010009.031:ERROR:process_memory_win.cc(73)] ReadMemory at 0xcbb9d82000 of 6024 bytes failed: Only part of a ReadProcessMemory or WriteProcessMemory request was completed. (0x12B)
[1215/010009.032:ERROR:process_memory_win.cc(73)] ReadMemory at 0xcbb9d84000 of 6024 bytes failed: Only part of a ReadProcessMemory or WriteProcessMemory request was completed. (0x12B)
[1215/010009.032:ERROR:process_memory_win.cc(73)] ReadMemory at 0xcbb9d86000 of 6024 bytes failed: Only part of a ReadProcessMemory or WriteProcessMemory request was completed. (0x12B)
[1215/010009.032:ERROR:process_memory_win.cc(73)] ReadMemory at 0xcbb9d88000 of 6024 bytes failed: Only part of a ReadProcessMemory or WriteProcessMemory request was completed. (0x12B)
[1215/010009.032:ERROR:process_memory_win.cc(73)] ReadMemory at 0xcbb9d8a000 of 6024 bytes failed: Only part of a ReadProcessMemory or WriteProcessMemory request was completed. (0x12B)
[1215/010009.032:ERROR:process_memory_win.cc(73)] ReadMemory at 0xcbb9d8c000 of 6024 bytes failed: Only part of a ReadProcessMemory or WriteProcessMemory request was completed. (0x12B)
[1215/010009.032:ERROR:process_memory_win.cc(73)] ReadMemory at 0xcbb9d8e000 of 6024 bytes failed: Only part of a ReadProcessMemory or WriteProcessMemory request was completed. (0x12B)
[1215/010009.032:ERROR:process_memory_win.cc(73)] ReadMemory at 0xcbb9d90000 of 6024 bytes failed: Only part of a ReadProcessMemory or WriteProcessMemory request was completed. (0x12B)
[1215/010009.032:ERROR:process_memory_win.cc(73)] ReadMemory at 0xcbb9d92000 of 6024 bytes failed: Only part of a ReadProcessMemory or WriteProcessMemory request was completed. (0x12B)
[1215/010009.032:ERROR:process_memory_win.cc(73)] ReadMemory at 0xcbb9d94000 of 6024 bytes failed: Only part of a ReadProcessMemory or WriteProcessMemory request was completed. (0x12B)
[1215/010009.032:ERROR:process_memory_win.cc(73)] ReadMemory at 0xcbb9d96000 of 6024 bytes failed: Only part of a ReadProcessMemory or WriteProcessMemory request was completed. (0x12B)
[1215/010009.033:ERROR:process_memory_win.cc(73)] ReadMemory at 0xcbb9d98000 of 6024 bytes failed: Only part of a ReadProcessMemory or WriteProcessMemory request was completed. (0x12B)
[1215/010009.033:ERROR:process_memory_win.cc(73)] ReadMemory at 0x2093e660fe0 of 17078 bytes failed: Only part of a ReadProcessMemory or WriteProcessMemory request was completed. (0x12B)
[1215/010009.033:ERROR:process_memory_win.cc(73)] ReadMemory at 0x2093e6652a0 of 1012 bytes failed: Only part of a ReadProcessMemory or WriteProcessMemory request was completed. (0x12B)
[1215/010009.033:ERROR:process_memory_win.cc(73)] ReadMemory at 0x2093e6658e8 of 118 bytes failed: Only part of a ReadProcessMemory or WriteProcessMemory request was completed. (0x12B)
[1215/010009.033:ERROR:process_memory_win.cc(73)] ReadMemory at 0x2093e665960 of 720 bytes failed: Only part of a ReadProcessMemory or WriteProcessMemory request was completed. (0x12B)
[1215/010009.033:ERROR:process_memory_win.cc(73)] ReadMemory at 0x2093e665c32 of 118 bytes failed: Only part of a ReadProcessMemory or WriteProcessMemory request was completed. (0x12B)
[1215/010009.033:ERROR:process_memory_win.cc(73)] ReadMemory at 0x2093e665caa of 96 bytes failed: Only part of a ReadProcessMemory or WriteProcessMemory request was completed. (0x12B)
[1215/010009.033:ERROR:process_memory_win.cc(73)] ReadMemory at 0x2093e665d20 of 58 bytes failed: Only part of a ReadProcessMemory or WriteProcessMemory request was completed. (0x12B)
[1215/010009.033:ERROR:process_memory_win.cc(73)] ReadMemory at 0x2093e665e20 of 132 bytes failed: Only part of a ReadProcessMemory or WriteProcessMemory request was completed. (0x12B)
[1215/010009.033:ERROR:process_memory_win.cc(73)] ReadMemory at 0x2093e665fb0 of 132 bytes failed: Only part of a ReadProcessMemory or WriteProcessMemory request was completed. (0x12B)
[1215/010009.033:ERROR:process_memory_win.cc(73)] ReadMemory at 0x2093e666170 of 124 bytes failed: Only part of a ReadProcessMemory or WriteProcessMemory request was completed. (0x12B)
[1215/010009.033:ERROR:process_memory_win.cc(73)] ReadMemory at 0x2093e666670 of 132 bytes failed: Only part of a ReadProcessMemory or WriteProcessMemory request was completed. (0x12B)
[1215/010009.033:ERROR:process_memory_win.cc(73)] ReadMemory at 0x2093e666800 of 64 bytes failed: Only part of a ReadProcessMemory or WriteProcessMemory request was completed. (0x12B)
[1215/010009.034:ERROR:process_memory_win.cc(73)] ReadMemory at 0x2093e666850 of 132 bytes failed: Only part of a ReadProcessMemory or WriteProcessMemory request was completed. (0x12B)
[1215/010009.034:ERROR:process_memory_win.cc(73)] ReadMemory at 0x2093e666a60 of 152 bytes failed: Only part of a ReadProcessMemory or WriteProcessMemory request was completed. (0x12B)
[1215/010009.034:ERROR:process_memory_win.cc(73)] ReadMemory at 0x2093e666c80 of 132 bytes failed: Only part of a ReadProcessMemory or WriteProcessMemory request was completed. (0x12B)
[1215/010009.034:ERROR:process_memory_win.cc(73)] ReadMemory at 0x2093e666e10 of 68 bytes failed: Only part of a ReadProcessMemory or WriteProcessMemory request was completed. (0x12B)
[1215/010009.034:ERROR:process_memory_win.cc(73)] ReadMemory at 0x2093e667fd0 of 132 bytes failed: Only part of a ReadProcessMemory or WriteProcessMemory request was completed. (0x12B)
[1215/010009.034:ERROR:process_memory_win.cc(73)] ReadMemory at 0x2093e668d50 of 62 bytes failed: Only part of a ReadProcessMemory or WriteProcessMemory request was completed. (0x12B)
[1215/010009.034:ERROR:process_memory_win.cc(73)] ReadMemory at 0x2093e668eb0 of 132 bytes failed: Only part of a ReadProcessMemory or WriteProcessMemory request was completed. (0x12B)
[1215/010009.034:ERROR:process_memory_win.cc(73)] ReadMemory at 0x2093e669040 of 60 bytes failed: Only part of a ReadProcessMemory or WriteProcessMemory request was completed. (0x12B)
[1215/010009.034:ERROR:process_memory_win.cc(73)] ReadMemory at 0x2093e671081 of 512 bytes failed: Only part of a ReadProcessMemory or WriteProcessMemory request was completed. (0x12B)
[1215/010009.034:ERROR:process_memory_win.cc(73)] ReadMemory at 0x2093e67db30 of 132 bytes failed: Only part of a ReadProcessMemory or WriteProcessMemory request was completed. (0x12B)
[1215/010009.034:ERROR:process_memory_win.cc(73)] ReadMemory at 0x2093e67dc60 of 132 bytes failed: Only part of a ReadProcessMemory or WriteProcessMemory request was completed. (0x12B)
[1215/010009.034:ERROR:process_memory_win.cc(73)] ReadMemory at 0x2093e67e000 of 132 bytes failed: Only part of a ReadProcessMemory or WriteProcessMemory request was completed. (0x12B)
[1215/010009.034:ERROR:process_memory_win.cc(73)] ReadMemory at 0x2093e67e130 of 132 bytes failed: Only part of a ReadProcessMemory or WriteProcessMemory request was completed. (0x12B)
[1215/010009.034:ERROR:process_memory_win.cc(73)] ReadMemory at 0x2093e67e260 of 132 bytes failed: Only part of a ReadProcessMemory or WriteProcessMemory request was completed. (0x12B)
[1215/010009.035:ERROR:process_memory_win.cc(73)] ReadMemory at 0x2093e67e390 of 132 bytes failed: Only part of a ReadProcessMemory or WriteProcessMemory request was completed. (0x12B)
[1215/010009.035:ERROR:process_memory_win.cc(73)] ReadMemory at 0x2093e67e4c0 of 132 bytes failed: Only part of a ReadProcessMemory or WriteProcessMemory request was completed. (0x12B)
[1215/010009.035:ERROR:process_memory_win.cc(73)] ReadMemory at 0x2093e67e5f0 of 132 bytes failed: Only part of a ReadProcessMemory or WriteProcessMemory request was completed. (0x12B)
[1215/010009.035:ERROR:process_memory_win.cc(73)] ReadMemory at 0x2093e67e720 of 132 bytes failed: Only part of a ReadProcessMemory or WriteProcessMemory request was completed. (0x12B)
[1215/010009.035:ERROR:process_memory_win.cc(73)] ReadMemory at 0x2093e67e850 of 132 bytes failed: Only part of a ReadProcessMemory or WriteProcessMemory request was completed. (0x12B)
[1215/010009.035:ERROR:process_memory_win.cc(73)] ReadMemory at 0x2093e67e980 of 132 bytes failed: Only part of a ReadProcessMemory or WriteProcessMemory request was completed. (0x12B)
[1215/010009.035:ERROR:process_memory_win.cc(73)] ReadMemory at 0x2093e67eab0 of 132 bytes failed: Only part of a ReadProcessMemory or WriteProcessMemory request was completed. (0x12B)
[1215/010009.035:ERROR:process_memory_win.cc(73)] ReadMemory at 0x2093e67ebe0 of 132 bytes failed: Only part of a ReadProcessMemory or WriteProcessMemory request was completed. (0x12B)
[1215/010009.035:ERROR:process_memory_win.cc(73)] ReadMemory at 0x2093e67ed10 of 132 bytes failed: Only part of a ReadProcessMemory or WriteProcessMemory request was completed. (0x12B)
[1215/010009.035:ERROR:process_memory_win.cc(73)] ReadMemory at 0x2093e67ee40 of 132 bytes failed: Only part of a ReadProcessMemory or WriteProcessMemory request was completed. (0x12B)
[1215/010009.035:ERROR:process_memory_win.cc(73)] ReadMemory at 0x2093e680dd0 of 60 bytes failed: Only part of a ReadProcessMemory or WriteProcessMemory request was completed. (0x12B)
[1215/010009.035:ERROR:process_memory_win.cc(73)] ReadMemory at 0x2093e682700 of 132 bytes failed: Only part of a ReadProcessMemory or WriteProcessMemory request was completed. (0x12B)
[1215/010009.035:ERROR:process_memory_win.cc(73)] ReadMemory at 0x2093e683e60 of 132 bytes failed: Only part of a ReadProcessMemory or WriteProcessMemory request was completed. (0x12B)
[1215/010009.036:ERROR:process_memory_win.cc(73)] ReadMemory at 0x2093e684480 of 132 bytes failed: Only part of a ReadProcessMemory or WriteProcessMemory request was completed. (0x12B)
[1215/010009.036:ERROR:process_memory_win.cc(73)] ReadMemory at 0x2093e6845b0 of 132 bytes failed: Only part of a ReadProcessMemory or WriteProcessMemory request was completed. (0x12B)
[1215/010009.036:ERROR:process_memory_win.cc(73)] ReadMemory at 0x2093e6846e0 of 144 bytes failed: Only part of a ReadProcessMemory or WriteProcessMemory request was completed. (0x12B)
[1215/010009.036:ERROR:process_memory_win.cc(73)] ReadMemory at 0x2093e685b60 of 132 bytes failed: Only part of a ReadProcessMemory or WriteProcessMemory request was completed. (0x12B)
[1215/010009.036:ERROR:process_memory_win.cc(73)] ReadMemory at 0x2093e685d70 of 132 bytes failed: Only part of a ReadProcessMemory or WriteProcessMemory request was completed. (0x12B)
[1215/010009.036:ERROR:process_memory_win.cc(73)] ReadMemory at 0x2093e6861d0 of 64 bytes failed: Only part of a ReadProcessMemory or WriteProcessMemory request was completed. (0x12B)
[1215/010009.036:ERROR:process_memory_win.cc(73)] ReadMemory at 0x2093e686310 of 64 bytes failed: Only part of a ReadProcessMemory or WriteProcessMemory request was completed. (0x12B)
[1215/010009.036:ERROR:process_memory_win.cc(73)] ReadMemory at 0x2093e686360 of 62 bytes failed: Only part of a ReadProcessMemory or WriteProcessMemory request was completed. (0x12B)
[1215/010009.036:ERROR:process_memory_win.cc(73)] ReadMemory at 0x2093e6863b0 of 62 bytes failed: Only part of a ReadProcessMemory or WriteProcessMemory request was completed. (0x12B)
[1215/010009.036:ERROR:process_memory_win.cc(73)] ReadMemory at 0x2093e6865e0 of 64 bytes failed: Only part of a ReadProcessMemory or WriteProcessMemory request was completed. (0x12B)
[1215/010009.036:ERROR:process_memory_win.cc(73)] ReadMemory at 0x2093e686630 of 62 bytes failed: Only part of a ReadProcessMemory or WriteProcessMemory request was completed. (0x12B)
[1215/010009.036:ERROR:process_memory_win.cc(73)] ReadMemory at 0x2093e686810 of 60 bytes failed: Only part of a ReadProcessMemory or WriteProcessMemory request was completed. (0x12B)
[1215/010009.036:ERROR:process_memory_win.cc(73)] ReadMemory at 0x2093e686860 of 62 bytes failed: Only part of a ReadProcessMemory or WriteProcessMemory request was completed. (0x12B)
[1215/010009.036:ERROR:process_memory_win.cc(73)] ReadMemory at 0x2093e686900 of 66 bytes failed: Only part of a ReadProcessMemory or WriteProcessMemory request was completed. (0x12B)
[1215/010009.036:ERROR:process_memory_win.cc(73)] ReadMemory at 0x2093e6869a0 of 62 bytes failed: Only part of a ReadProcessMemory or WriteProcessMemory request was completed. (0x12B)
[1215/010009.037:ERROR:process_memory_win.cc(73)] ReadMemory at 0x2093e686a40 of 62 bytes failed: Only part of a ReadProcessMemory or WriteProcessMemory request was completed. (0x12B)
[1215/010009.037:ERROR:process_memory_win.cc(73)] ReadMemory at 0x2093e686a90 of 62 bytes failed: Only part of a ReadProcessMemory or WriteProcessMemory request was completed. (0x12B)
[1215/010009.037:ERROR:process_memory_win.cc(73)] ReadMemory at 0x2093e686ae0 of 64 bytes failed: Only part of a ReadProcessMemory or WriteProcessMemory request was completed. (0x12B)
[1215/010009.037:ERROR:process_memory_win.cc(73)] ReadMemory at 0x2093e686c70 of 60 bytes failed: Only part of a ReadProcessMemory or WriteProcessMemory request was completed. (0x12B)
[1215/010009.037:ERROR:process_memory_win.cc(73)] ReadMemory at 0x2093e686cc0 of 58 bytes failed: Only part of a ReadProcessMemory or WriteProcessMemory request was completed. (0x12B)
[1215/010009.037:ERROR:process_memory_win.cc(73)] ReadMemory at 0x2093e686d60 of 64 bytes failed: Only part of a ReadProcessMemory or WriteProcessMemory request was completed. (0x12B)
[1215/010009.037:ERROR:process_memory_win.cc(73)] ReadMemory at 0x2093e686db0 of 62 bytes failed: Only part of a ReadProcessMemory or WriteProcessMemory request was completed. (0x12B)
[1215/010009.037:ERROR:process_memory_win.cc(73)] ReadMemory at 0x2093e686e50 of 60 bytes failed: Only part of a ReadProcessMemory or WriteProcessMemory request was completed. (0x12B)
[1215/010009.037:ERROR:process_memory_win.cc(73)] ReadMemory at 0x2093e686ef0 of 64 bytes failed: Only part of a ReadProcessMemory or WriteProcessMemory request was completed. (0x12B)
[1215/010009.037:ERROR:process_memory_win.cc(73)] ReadMemory at 0x2093e686f90 of 64 bytes failed: Only part of a ReadProcessMemory or WriteProcessMemory request was completed. (0x12B)
[1215/010009.037:ERROR:process_memory_win.cc(73)] ReadMemory at 0x2093e687120 of 62 bytes failed: Only part of a ReadProcessMemory or WriteProcessMemory request was completed. (0x12B)
[1215/010009.037:ERROR:process_memory_win.cc(73)] ReadMemory at 0x2093e68bef0 of 80 bytes failed: Only part of a ReadProcessMemory or WriteProcessMemory request was completed. (0x12B)
[1215/010009.037:ERROR:process_memory_win.cc(73)] ReadMemory at 0x2093e68c190 of 80 bytes failed: Only part of a ReadProcessMemory or WriteProcessMemory request was completed. (0x12B)
[1215/010009.037:ERROR:process_memory_win.cc(73)] ReadMemory at 0x2093e68d850 of 132 bytes failed: Only part of a ReadProcessMemory or WriteProcessMemory request was completed. (0x12B)
[1215/010009.037:ERROR:process_memory_win.cc(73)] ReadMemory at 0x2093e68d980 of 132 bytes failed: Only part of a ReadProcessMemory or WriteProcessMemory request was completed. (0x12B)
[1215/010009.037:ERROR:process_memory_win.cc(73)] ReadMemory at 0x2093e68e8f0 of 132 bytes failed: Only part of a ReadProcessMemory or WriteProcessMemory request was completed. (0x12B)
[1215/010009.037:ERROR:process_memory_win.cc(73)] ReadMemory at 0x2093e68ec80 of 132 bytes failed: Only part of a ReadProcessMemory or WriteProcessMemory request was completed. (0x12B)
[1215/010009.038:ERROR:process_memory_win.cc(73)] ReadMemory at 0x2093e6daf20 of 512 bytes failed: Only part of a ReadProcessMemory or WriteProcessMemory request was completed. (0x12B)
[1215/010009.038:ERROR:process_memory_win.cc(73)] ReadMemory at 0x2093e6db5a0 of 1024 bytes failed: Only part of a ReadProcessMemory or WriteProcessMemory request was completed. (0x12B)
[1215/010009.038:ERROR:process_memory_win.cc(73)] ReadMemory at 0x2093e6dcdd0 of 512 bytes failed: Only part of a ReadProcessMemory or WriteProcessMemory request was completed. (0x12B)
[1215/010009.038:ERROR:process_memory_win.cc(73)] ReadMemory at 0x2093e6ed210 of 512 bytes failed: Only part of a ReadProcessMemory or WriteProcessMemory request was completed. (0x12B)
[1215/010009.038:ERROR:process_memory_win.cc(73)] ReadMemory at 0x2093e71af50 of 512 bytes failed: Only part of a ReadProcessMemory or WriteProcessMemory request was completed. (0x12B)
[1215/010009.038:ERROR:process_memory_win.cc(73)] ReadMemory at 0x2093e71b6f0 of 712 bytes failed: Only part of a ReadProcessMemory or WriteProcessMemory request was completed. (0x12B)
[1215/010009.038:ERROR:process_memory_win.cc(73)] ReadMemory at 0x2093e722560 of 512 bytes failed: Only part of a ReadProcessMemory or WriteProcessMemory request was completed. (0x12B)
[1215/010009.038:ERROR:process_memory_win.cc(73)] ReadMemory at 0x2093e728570 of 512 bytes failed: Only part of a ReadProcessMemory or WriteProcessMemory request was completed. (0x12B)
[1215/010009.038:ERROR:process_memory_win.cc(73)] ReadMemory at 0x2093e7289f0 of 512 bytes failed: Only part of a ReadProcessMemory or WriteProcessMemory request was completed. (0x12B)
[1215/010009.038:ERROR:process_memory_win.cc(73)] ReadMemory at 0x2093e74cd50 of 512 bytes failed: Only part of a ReadProcessMemory or WriteProcessMemory request was completed. (0x12B)
[1215/010009.038:ERROR:process_memory_win.cc(73)] ReadMemory at 0x2093e760f40 of 512 bytes failed: Only part of a ReadProcessMemory or WriteProcessMemory request was completed. (0x12B)
[1215/010009.038:ERROR:process_memory_win.cc(73)] ReadMemory at 0x2093e7622c0 of 512 bytes failed: Only part of a ReadProcessMemory or WriteProcessMemory request was completed. (0x12B)
[1215/010009.038:ERROR:process_memory_win.cc(73)] ReadMemory at 0x209400a3080 of 584 bytes failed: Only part of a ReadProcessMemory or WriteProcessMemory request was completed. (0x12B)
[1215/010009.039:ERROR:process_memory_win.cc(73)] ReadMemory at 0x2094016c610 of 512 bytes failed: Only part of a ReadProcessMemory or WriteProcessMemory request was completed. (0x12B)
[1215/010009.039:ERROR:process_memory_win.cc(73)] ReadMemory at 0x20940439720 of 512 bytes failed: Only part of a ReadProcessMemory or WriteProcessMemory request was completed. (0x12B)
[1215/010009.039:ERROR:process_memory_win.cc(73)] ReadMemory at 0x20940449a90 of 512 bytes failed: Only part of a ReadProcessMemory or WriteProcessMemory request was completed. (0x12B)
[1215/010009.039:ERROR:process_memory_win.cc(73)] ReadMemory at 0x7fff926d214f of 512 bytes failed: Only part of a ReadProcessMemory or WriteProcessMemory request was completed. (0x12B)
[1215/010009.039:ERROR:process_memory_win.cc(73)] ReadMemory at 0x7fffeebfe748 of 512 bytes failed: Only part of a ReadProcessMemory or WriteProcessMemory request was completed. (0x12B)
[1215/010009.039:ERROR:process_memory_win.cc(73)] ReadMemory at 0x7ffff0f74a50 of 512 bytes failed: Only part of a ReadProcessMemory or WriteProcessMemory request was completed. (0x12B)
[1215/010009.039:ERROR:process_memory_win.cc(73)] ReadMemory at 0x7ffff10ebfb4 of 672 bytes failed: Only part of a ReadProcessMemory or WriteProcessMemory request was completed. (0x12B)
[1215/010009.039:ERROR:process_memory_win.cc(73)] ReadMemory at 0x7ffff10ec5b4 of 512 bytes failed: Only part of a ReadProcessMemory or WriteProcessMemory request was completed. (0x12B)
[1215/010009.039:ERROR:process_memory_win.cc(73)] ReadMemory at 0x7ffff10ef924 of 608 bytes failed: Only part of a ReadProcessMemory or WriteProcessMemory request was completed. (0x12B)
[1215/010009.039:ERROR:process_memory_win.cc(73)] ReadMemory at 0x7ffff1180a00 of 18 bytes failed: Only part of a ReadProcessMemory or WriteProcessMemory request was completed. (0x12B)
[1215/010009.039:ERROR:process_memory_win.cc(73)] ReadMemory at 0x7ffff11b54f8 of 40 bytes failed: Only part of a ReadProcessMemory or WriteProcessMemory request was completed. (0x12B)
[1215/010009.039:ERROR:process_memory_win.cc(73)] ReadMemory at 0x7ffff11b5978 of 48 bytes failed: Only part of a ReadProcessMemory or WriteProcessMemory request was completed. (0x12B)
[1215/010009.039:ERROR:process_memory_win.cc(73)] ReadMemory at 0x7ffff11bb4c0 of 64 bytes failed: Only part of a ReadProcessMemory or WriteProcessMemory request was completed. (0x12B)
[1215/010009.041:ERROR:scoped_process_suspend.cc(40)] NtResumeProcess: An attempt was made to access an exiting process. (0xc000010a)
[1215/045736.997:ERROR:directory_reader_win.cc(43)] FindFirstFile: The system cannot find the path specified. (0x3)
